Array
(
    [Body] => Array
        (
            [stkCallback] => Array
                (
                    [MerchantRequestID] => 147
                    [CheckoutRequestID] => ws_CO_191220191020363925
                    [ResultCode] => 0
                    [ResultDesc] => The service request is processed successfully.
                    [CallbackMetadata] => Array
                        (
                            [Item] => Array
                                (
                                    [0] => Array
                                        (
                                            [Name] => Amount
                                            [Value] => 1
                                        )

                                    [1] => Array
                                        (
                                            [Name] => MpesaReceiptNumber
                                            [Value] => NLJ7RT61SV
                                        )

                                    [2] => Array
                                        (
                                            [Name] => TransactionDate
                                            [Value] => 20191219102115
                                        )

                                    [3] => Array
                                        (
                                            [Name] => PhoneNumber
                                            [Value] => 254708374149
                                        )

                                )

                        )

                )

        )

)
Array
(
    [Body] => Array
        (
            [stkCallback] => Array
                (
                    [MerchantRequestID] => 149
                    [CheckoutRequestID] => ws_CO_191220191020363925
                    [ResultCode] => 0
                    [ResultDesc] => The service request is processed successfully.
                    [CallbackMetadata] => Array
                        (
                            [Item] => Array
                                (
                                    [0] => Array
                                        (
                                            [Name] => Amount
                                            [Value] => 1
                                        )

                                    [1] => Array
                                        (
                                            [Name] => MpesaReceiptNumber
                                            [Value] => NLJ7RT61SV
                                        )

                                    [2] => Array
                                        (
                                            [Name] => TransactionDate
                                            [Value] => 20191219102115
                                        )

                                    [3] => Array
                                        (
                                            [Name] => PhoneNumber
                                            [Value] => 254708374149
                                        )

                                )

                        )

                )

        )

)
Array
(
    [Body] => Array
        (
            [stkCallback] => Array
                (
                    [MerchantRequestID] => 147
                    [CheckoutRequestID] => ws_CO_191220191020363925
                    [ResultCode] => 0
                    [ResultDesc] => The service request is processed successfully.
                    [CallbackMetadata] => Array
                        (
                            [Item] => Array
                                (
                                    [0] => Array
                                        (
                                            [Name] => Amount
                                            [Value] => 1
                                        )

                                    [1] => Array
                                        (
                                            [Name] => MpesaReceiptNumber
                                            [Value] => NLJ7RT61SV
                                        )

                                    [2] => Array
                                        (
                                            [Name] => TransactionDate
                                            [Value] => 20191219102115
                                        )

                                    [3] => Array
                                        (
                                            [Name] => PhoneNumber
                                            [Value] => 254708374149
                                        )

                                )

                        )

                )

        )

)
Array
(
    [Body] => Array
        (
            [stkCallback] => Array
                (
                    [MerchantRequestID] => 148
                    [CheckoutRequestID] => ws_CO_191220191020363925
                    [ResultCode] => 0
                    [ResultDesc] => The service request is processed successfully.
                    [CallbackMetadata] => Array
                        (
                            [Item] => Array
                                (
                                    [0] => Array
                                        (
                                            [Name] => Amount
                                            [Value] => 1
                                        )

                                    [1] => Array
                                        (
                                            [Name] => MpesaReceiptNumber
                                            [Value] => NLJ7RT61SV
                                        )

                                    [2] => Array
                                        (
                                            [Name] => TransactionDate
                                            [Value] => 20191219102115
                                        )

                                    [3] => Array
                                        (
                                            [Name] => PhoneNumber
                                            [Value] => 254708374149
                                        )

                                )

                        )

                )

        )

)
Array
(
    [Body] => Array
        (
            [stkCallback] => Array
                (
                    [MerchantRequestID] => 148
                    [CheckoutRequestID] => 16
                    [ResultCode] => 0
                    [ResultDesc] => The service request is processed successfully.
                    [CallbackMetadata] => Array
                        (
                            [Item] => Array
                                (
                                    [0] => Array
                                        (
                                            [Name] => Amount
                                            [Value] => 1086
                                        )

                                    [1] => Array
                                        (
                                            [Name] => MpesaReceiptNumber
                                            [Value] => LK54321
                                        )

                                    [2] => Array
                                        (
                                            [Name] => Balance
                                        )

                                    [3] => Array
                                        (
                                            [Name] => TransactionDate
                                            [Value] => 20211201120000
                                        )

                                    [4] => Array
                                        (
                                            [Name] => PhoneNumber
                                            [Value] => 254712345678
                                        )

                                )

                        )

                )

        )

)
Array
(
    [Body] => Array
        (
            [stkCallback] => Array
                (
                    [MerchantRequestID] => 148
                    [CheckoutRequestID] => 16
                    [ResultCode] => 0
                    [ResultDesc] => The service request is processed successfully.
                    [CallbackMetadata] => Array
                        (
                            [Item] => Array
                                (
                                    [0] => Array
                                        (
                                            [Name] => Amount
                                            [Value] => 1086
                                        )

                                    [1] => Array
                                        (
                                            [Name] => MpesaReceiptNumber
                                            [Value] => LK54321
                                        )

                                    [2] => Array
                                        (
                                            [Name] => Balance
                                        )

                                    [3] => Array
                                        (
                                            [Name] => TransactionDate
                                            [Value] => 20211201120000
                                        )

                                    [4] => Array
                                        (
                                            [Name] => PhoneNumber
                                            [Value] => 254712345678
                                        )

                                )

                        )

                )

        )

)
Array
(
    [Body] => Array
        (
            [stkCallback] => Array
                (
                    [MerchantRequestID] => 148
                    [CheckoutRequestID] => 16
                    [ResultCode] => 0
                    [ResultDesc] => The service request is processed successfully.
                    [CallbackMetadata] => Array
                        (
                            [Item] => Array
                                (
                                    [0] => Array
                                        (
                                            [Name] => Amount
                                            [Value] => 1086
                                        )

                                    [1] => Array
                                        (
                                            [Name] => MpesaReceiptNumber
                                            [Value] => LK54321
                                        )

                                    [2] => Array
                                        (
                                            [Name] => Balance
                                        )

                                    [3] => Array
                                        (
                                            [Name] => TransactionDate
                                            [Value] => 20211201120000
                                        )

                                    [4] => Array
                                        (
                                            [Name] => PhoneNumber
                                            [Value] => 254712345678
                                        )

                                )

                        )

                )

        )

)
Array
(
    [Body] => Array
        (
            [stkCallback] => Array
                (
                    [MerchantRequestID] => 148
                    [CheckoutRequestID] => 16
                    [ResultCode] => 0
                    [ResultDesc] => The service request is processed successfully.
                    [CallbackMetadata] => Array
                        (
                            [Item] => Array
                                (
                                    [0] => Array
                                        (
                                            [Name] => Amount
                                            [Value] => 1086
                                        )

                                    [1] => Array
                                        (
                                            [Name] => MpesaReceiptNumber
                                            [Value] => LK54321
                                        )

                                    [2] => Array
                                        (
                                            [Name] => Balance
                                        )

                                    [3] => Array
                                        (
                                            [Name] => TransactionDate
                                            [Value] => 20211201120000
                                        )

                                    [4] => Array
                                        (
                                            [Name] => PhoneNumber
                                            [Value] => 254712345678
                                        )

                                )

                        )

                )

        )

)
